<?xml version="1.0" encoding="UTF-8"?>
<!-- Generated by org.testng.reporters.JUnitXMLReporter -->
<testsuite ignored="0" hostname="Prashant" failures="0" tests="26" name="Default test" time="506.492" errors="0" timestamp="2023-10-18T23:14:19 EDT">
  <testcase classname="com.ExcelRProject.AutomationProject_2.TestCases" name="register_NewUser" time="15.114"/>
  <testcase classname="com.ExcelRProject.AutomationProject_2.TestCases" name="login_ValidCredentials" time="10.101"/>
  <testcase classname="com.ExcelRProject.AutomationProject_2.TestCases" name="login_InvalidCredentials" time="7.621"/>
  <testcase classname="com.ExcelRProject.AutomationProject_2.TestCases" name="logoutUser_Verification" time="14.589"/>
  <testcase classname="com.ExcelRProject.AutomationProject_2.TestCases" name="register_ExistingEmailId" time="8.054"/>
  <testcase classname="com.ExcelRProject.AutomationProject_2.TestCases" name="contactUs_Functionality" time="9.087"/>
  <testcase classname="com.ExcelRProject.AutomationProject_2.TestCases" name="testCasesPage_Verification" time="12.772"/>
  <testcase classname="com.ExcelRProject.AutomationProject_2.TestCases" name="prodDetails_Verification" time="10.513"/>
  <testcase classname="com.ExcelRProject.AutomationProject_2.TestCases" name="search_Product" time="11.448"/>
  <testcase classname="com.ExcelRProject.AutomationProject_2.TestCases" name="subscription_inHomePage" time="5.705"/>
  <testcase classname="com.ExcelRProject.AutomationProject_2.TestCases" name="subscription_inCartPage" time="10.553"/>
  <testcase classname="com.ExcelRProject.AutomationProject_2.TestCases" name="addProducts_InCart" time="17.734"/>
  <testcase classname="com.ExcelRProject.AutomationProject_2.TestCases" name="productQty_InCart" time="10.82"/>
  <testcase classname="com.ExcelRProject.AutomationProject_2.TestCases" name="placeOrder_Register_WhileCheckOut" time="34.697"/>
  <testcase classname="com.ExcelRProject.AutomationProject_2.TestCases" name="placeOrder_Register_BeforeCheckOut" time="54.725"/>
  <testcase classname="com.ExcelRProject.AutomationProject_2.TestCases" name="placeOrder_Login_BeforeCheckOut" time="24.712"/>
  <testcase classname="com.ExcelRProject.AutomationProject_2.TestCases" name="remove_ProdFromCart" time="9.94"/>
  <testcase classname="com.ExcelRProject.AutomationProject_2.TestCases" name="verify_CatogoryOfProducts" time="12.103"/>
  <testcase classname="com.ExcelRProject.AutomationProject_2.TestCases" name="verify_BrandOfProducts" time="11.125"/>
  <testcase classname="com.ExcelRProject.AutomationProject_2.TestCases" name="searchProducts_VerifyCartAfterLogin" time="21.591"/>
  <testcase classname="com.ExcelRProject.AutomationProject_2.TestCases" name="addReview_OnProdudct" time="10.129"/>
  <testcase classname="com.ExcelRProject.AutomationProject_2.TestCases" name="addToCart_FromRecommendedItems" time="13.593"/>
  <testcase classname="com.ExcelRProject.AutomationProject_2.TestCases" name="addressDetails_verification" time="25.099"/>
  <testcase classname="com.ExcelRProject.AutomationProject_2.TestCases" name="downloadInvoice_AfterOrder" time="28.183"/>
  <testcase classname="com.ExcelRProject.AutomationProject_2.TestCases" name="scrollUpArrowButton_Verification" time="8.574"/>
  <testcase classname="com.ExcelRProject.AutomationProject_2.TestCases" name="scrollUpAndScrolldown_Functionality" time="7.313"/>
</testsuite> <!-- Default test -->
